Arguments: 
  /usr/bin/node /home/krushn/.yarn/bin/yarn.js add express mongoose pug body-parser

PATH: 
  /home/krushn/.yarn/bin:/home/krushn/.config/yarn/global/node_modules/.bin:/usr/local/sbin:/usr/local/bin:/usr/bin:/usr/bin/site_perl:/usr/bin/vendor_perl:/usr/bin/core_perl:/home/krushn/bin

Yarn version: 
  1.10.1

Node version: 
  11.6.0

Platform: 
  linux x64

Trace: 
  Error: getaddrinfo EAI_AGAIN registry.yarnpkg.com registry.yarnpkg.com:443
      at GetAddrInfoReqWrap.onlookup [as oncomplete] (dns.js:57:26)

npm manifest: 
  {
    "name": "server-airchat",
    "version": "1.0.0",
    "description": "",
    "main": "index.js",
    "scripts": {
      "start":"node index.js",
      "debug":"PORT=3000 nodemon index.js",
      "test": "echo \"Error: no test specified\" && exit 1"
    },
    "keywords": [],
    "author": "Krushn Dayshmookh<krushndayshmookh@gmail.com>",
    "license": "ISC"
  }

yarn manifest: 
  No manifest

Lockfile: 
  No lockfile
